2020-12-27 21:57:43,618 INFO o.a.j.u.JMeterUtils: Setting Locale to fr_FR
2020-12-27 21:57:43,675 INFO o.a.j.u.JMeterUtils: Could not find resources for 'fr_FR', using 'fr'
2020-12-27 21:57:43,676 INFO o.a.j.JMeter: Loading user properties from: C:\apache-jmeter-5.4\bin\user.properties
2020-12-27 21:57:43,677 INFO o.a.j.JMeter: Loading system properties from: C:\apache-jmeter-5.4\bin\system.properties
2020-12-27 21:57:43,686 INFO o.a.j.JMeter: Copyright (c) 1998-2020 The Apache Software Foundation
2020-12-27 21:57:43,687 INFO o.a.j.JMeter: Version 5.4
2020-12-27 21:57:43,687 INFO o.a.j.JMeter: java.version=11
2020-12-27 21:57:43,687 INFO o.a.j.JMeter: java.vm.name=OpenJDK 64-Bit Server VM
2020-12-27 21:57:43,687 INFO o.a.j.JMeter: os.name=Windows 10
2020-12-27 21:57:43,687 INFO o.a.j.JMeter: os.arch=amd64
2020-12-27 21:57:43,687 INFO o.a.j.JMeter: os.version=10.0
2020-12-27 21:57:43,687 INFO o.a.j.JMeter: file.encoding=Cp1252
2020-12-27 21:57:43,687 INFO o.a.j.JMeter: java.awt.headless=true
2020-12-27 21:57:43,687 INFO o.a.j.JMeter: Max memory     =3196059648
2020-12-27 21:57:43,688 INFO o.a.j.JMeter: Available Processors =4
2020-12-27 21:57:43,700 INFO o.a.j.JMeter: Default Locale=français (France)
2020-12-27 21:57:43,700 INFO o.a.j.JMeter: JMeter  Locale=français (France)
2020-12-27 21:57:43,700 INFO o.a.j.JMeter: JMeterHome=C:\apache-jmeter-5.4
2020-12-27 21:57:43,700 INFO o.a.j.JMeter: user.dir  =D:\Projets\Pro\iga.fr\Formation_mise_a_niveau\Support\jmeter
2020-12-27 21:57:43,701 INFO o.a.j.JMeter: PWD       =D:\Projets\Pro\iga.fr\Formation_mise_a_niveau\Support\jmeter
2020-12-27 21:57:52,768 INFO o.a.j.JMeter: IP: 169.254.207.186 Name: Ramzi-PC FullName: Ramzi-PC
2020-12-27 21:57:52,773 INFO o.a.j.JMeter: Setting property 'jmeter.reportgenerator.outputdir' to:'D:\Projets\Pro\iga.fr\Formation_mise_a_niveau\Support\jmeter\resultats'
2020-12-27 21:57:52,778 INFO o.a.j.s.FileServer: Default base='D:\Projets\Pro\iga.fr\Formation_mise_a_niveau\Support\jmeter'
2020-12-27 21:57:52,779 INFO o.a.j.s.FileServer: Set new base='D:\Projets\Pro\iga.fr\Formation_mise_a_niveau\Support\jmeter'
2020-12-27 21:57:52,985 INFO o.a.j.s.SaveService: Testplan (JMX) version: 2.2. Testlog (JTL) version: 2.2
2020-12-27 21:57:53,010 INFO o.a.j.s.SaveService: Using SaveService properties version 5.0
2020-12-27 21:57:53,015 INFO o.a.j.s.SaveService: Using SaveService properties file encoding UTF-8
2020-12-27 21:57:53,019 INFO o.a.j.s.SaveService: Loading file: JOBS_jmeter_test.jmx
2020-12-27 21:57:53,087 INFO o.a.j.p.h.s.HTTPSamplerBase: Parser for text/html is org.apache.jmeter.protocol.http.parser.LagartoBasedHtmlParser
2020-12-27 21:57:53,087 INFO o.a.j.p.h.s.HTTPSamplerBase: Parser for application/xhtml+xml is org.apache.jmeter.protocol.http.parser.LagartoBasedHtmlParser
2020-12-27 21:57:53,087 INFO o.a.j.p.h.s.HTTPSamplerBase: Parser for application/xml is org.apache.jmeter.protocol.http.parser.LagartoBasedHtmlParser
2020-12-27 21:57:53,087 INFO o.a.j.p.h.s.HTTPSamplerBase: Parser for text/xml is org.apache.jmeter.protocol.http.parser.LagartoBasedHtmlParser
2020-12-27 21:57:53,087 INFO o.a.j.p.h.s.HTTPSamplerBase: Parser for text/vnd.wap.wml is org.apache.jmeter.protocol.http.parser.RegexpHTMLParser
2020-12-27 21:57:53,088 INFO o.a.j.p.h.s.HTTPSamplerBase: Parser for text/css is org.apache.jmeter.protocol.http.parser.CssParser
2020-12-27 21:57:53,127 INFO o.a.j.JMeter: Creating summariser <summary>
2020-12-27 21:57:53,133 INFO o.a.j.r.d.ReportGenerator: ReportGenerator will use for Parsing the separator: ','
2020-12-27 21:57:53,133 INFO o.a.j.r.d.ReportGenerator: Will generate report at end of test from  results file: logs.txt
2020-12-27 21:57:53,133 INFO o.a.j.r.d.ReportGenerator: Reading report generator properties from: C:\apache-jmeter-5.4\bin\reportgenerator.properties
2020-12-27 21:57:53,142 INFO o.a.j.r.d.ReportGenerator: Merging with JMeter properties
2020-12-27 21:57:53,148 INFO o.a.j.r.c.ReportGeneratorConfiguration: Property 'jmeter.reportgenerator.temp_dir' not found, using default value 'temp' instead.
2020-12-27 21:57:53,152 INFO o.a.j.r.c.ReportGeneratorConfiguration: Property 'jmeter.reportgenerator.apdex_per_transaction' not found, using default value 'null' instead.
2020-12-27 21:57:53,152 INFO o.a.j.r.c.ReportGeneratorConfiguration: apdex_per_transaction is empty, not APDEX per transaction customization
2020-12-27 21:57:53,152 INFO o.a.j.r.c.ReportGeneratorConfiguration: Property 'jmeter.reportgenerator.sample_filter' not found, using default value 'null' instead.
2020-12-27 21:57:53,153 INFO o.a.j.r.c.ReportGeneratorConfiguration: Property 'jmeter.reportgenerator.report_title' not found, using default value 'null' instead.
2020-12-27 21:57:53,153 INFO o.a.j.r.c.ReportGeneratorConfiguration: Property 'jmeter.reportgenerator.start_date' not found, using default value 'null' instead.
2020-12-27 21:57:53,153 INFO o.a.j.r.c.ReportGeneratorConfiguration: Property 'jmeter.reportgenerator.end_date' not found, using default value 'null' instead.
2020-12-27 21:57:53,153 INFO o.a.j.r.c.ReportGeneratorConfiguration: Property 'jmeter.reportgenerator.date_format' not found, using default value 'null' instead.
2020-12-27 21:57:53,166 INFO o.a.j.r.c.ReportGeneratorConfiguration: Will use date range start date: null, end date: null
2020-12-27 21:57:53,172 INFO o.a.j.r.c.ReportGeneratorConfiguration: Property 'jmeter.reportgenerator.graph.totalTPS.exclude_controllers' not found, using default value 'false' instead.
2020-12-27 21:57:53,173 INFO o.a.j.r.c.ReportGeneratorConfiguration: Property 'jmeter.reportgenerator.graph.activeThreadsOverTime.exclude_controllers' not found, using default value 'false' instead.
2020-12-27 21:57:53,173 INFO o.a.j.r.c.ReportGeneratorConfiguration: Property 'jmeter.reportgenerator.graph.timeVsThreads.exclude_controllers' not found, using default value 'false' instead.
2020-12-27 21:57:53,173 INFO o.a.j.r.c.ReportGeneratorConfiguration: Property 'jmeter.reportgenerator.graph.responseTimeDistribution.exclude_controllers' not found, using default value 'false' instead.
2020-12-27 21:57:53,173 INFO o.a.j.r.c.ReportGeneratorConfiguration: Property 'jmeter.reportgenerator.graph.transactionsPerSecond.exclude_controllers' not found, using default value 'false' instead.
2020-12-27 21:57:53,174 INFO o.a.j.r.c.ReportGeneratorConfiguration: Property 'jmeter.reportgenerator.graph.responseTimePercentiles.exclude_controllers' not found, using default value 'false' instead.
2020-12-27 21:57:53,174 INFO o.a.j.r.c.ReportGeneratorConfiguration: Property 'jmeter.reportgenerator.graph.responseTimePercentilesOverTime.exclude_controllers' not found, using default value 'false' instead.
2020-12-27 21:57:53,174 INFO o.a.j.r.c.ReportGeneratorConfiguration: Property 'jmeter.reportgenerator.graph.responseTimesOverTime.exclude_controllers' not found, using default value 'false' instead.
2020-12-27 21:57:53,175 INFO o.a.j.r.c.ReportGeneratorConfiguration: Property 'jmeter.reportgenerator.graph.connectTimeOverTime.exclude_controllers' not found, using default value 'false' instead.
2020-12-27 21:57:53,175 INFO o.a.j.r.c.ReportGeneratorConfiguration: Property 'jmeter.reportgenerator.graph.latenciesOverTime.exclude_controllers' not found, using default value 'false' instead.
2020-12-27 21:57:53,177 INFO o.a.j.r.c.ReportGeneratorConfiguration: Property 'jmeter.reportgenerator.exporter.json.filters_only_sample_series' not found, using default value 'true' instead.
2020-12-27 21:57:53,177 INFO o.a.j.r.c.ReportGeneratorConfiguration: Property 'jmeter.reportgenerator.exporter.json.series_filter' not found, using default value '' instead.
2020-12-27 21:57:53,177 INFO o.a.j.r.c.ReportGeneratorConfiguration: Property 'jmeter.reportgenerator.exporter.json.show_controllers_only' not found, using default value 'false' instead.
2020-12-27 21:57:53,178 INFO o.a.j.r.c.ReportGeneratorConfiguration: Property 'jmeter.reportgenerator.exporter.html.filters_only_sample_series' not found, using default value 'true' instead.
2020-12-27 21:57:53,178 INFO o.a.j.r.c.ReportGeneratorConfiguration: Property 'jmeter.reportgenerator.exporter.html.series_filter' not found, using default value '' instead.
2020-12-27 21:57:53,178 INFO o.a.j.r.c.ReportGeneratorConfiguration: Property 'jmeter.reportgenerator.exporter.html.show_controllers_only' not found, using default value 'false' instead.
2020-12-27 21:57:53,189 INFO o.a.j.e.StandardJMeterEngine: Running the test!
2020-12-27 21:57:53,191 INFO o.a.j.s.SampleEvent: List of sample_variables: []
2020-12-27 21:57:53,191 INFO o.a.j.s.SampleEvent: List of sample_variables: []
2020-12-27 21:57:53,206 INFO o.a.j.e.u.CompoundVariable: Note: Function class names must contain the string: '.functions.'
2020-12-27 21:57:53,206 INFO o.a.j.e.u.CompoundVariable: Note: Function class names must not contain the string: '.gui.'
2020-12-27 21:57:53,618 INFO o.a.j.JMeter: Lancer test (1609102673618)
2020-12-27 21:57:53,648 INFO o.a.j.e.StandardJMeterEngine: Starting ThreadGroup: 1 : test_jobs
2020-12-27 21:57:53,648 INFO o.a.j.e.StandardJMeterEngine: Starting 100 threads for group test_jobs.
2020-12-27 21:57:53,648 INFO o.a.j.e.StandardJMeterEngine: Thread will continue on error
2020-12-27 21:57:53,649 INFO o.a.j.t.ThreadGroup: Starting thread group... number=1 threads=100 ramp-up=10 delayedStart=false
2020-12-27 21:57:53,666 INFO o.a.j.t.JMeterThread: Thread started: test_jobs 1-1
2020-12-27 21:57:53,719 INFO o.a.j.t.ThreadGroup: Started thread group number 1
2020-12-27 21:57:53,719 INFO o.a.j.e.StandardJMeterEngine: All thread groups have been started
2020-12-27 21:57:53,719 INFO o.a.j.p.h.s.HTTPHCAbstractImpl: Local host = Ramzi-PC
2020-12-27 21:57:53,730 INFO o.a.j.p.h.s.HTTPHC4Impl: HTTP request retry count = 0
2020-12-27 21:57:53,743 INFO o.a.j.s.SampleResult: Note: Sample TimeStamps are START times
2020-12-27 21:57:53,743 INFO o.a.j.s.SampleResult: sampleresult.default.encoding is set to ISO-8859-1
2020-12-27 21:57:53,743 INFO o.a.j.s.SampleResult: sampleresult.useNanoTime=true
2020-12-27 21:57:53,743 INFO o.a.j.s.SampleResult: sampleresult.nanoThreadSleep=5000
2020-12-27 21:57:53,759 INFO o.a.j.t.JMeterThread: Thread started: test_jobs 1-2
2020-12-27 21:57:53,857 INFO o.a.j.t.JMeterThread: Thread started: test_jobs 1-3
2020-12-27 21:57:54,011 INFO o.a.j.t.JMeterThread: Thread started: test_jobs 1-4
2020-12-27 21:57:54,018 INFO o.a.j.t.JMeterThread: Thread is done: test_jobs 1-2
2020-12-27 21:57:54,018 INFO o.a.j.t.JMeterThread: Thread finished: test_jobs 1-2
2020-12-27 21:57:54,019 INFO o.a.j.t.JMeterThread: Thread is done: test_jobs 1-3
2020-12-27 21:57:54,019 INFO o.a.j.t.JMeterThread: Thread finished: test_jobs 1-3
2020-12-27 21:57:54,021 INFO o.a.j.t.JMeterThread: Thread is done: test_jobs 1-1
2020-12-27 21:57:54,021 INFO o.a.j.t.JMeterThread: Thread finished: test_jobs 1-1
2020-12-27 21:57:54,058 INFO o.a.j.t.JMeterThread: Thread is done: test_jobs 1-4
2020-12-27 21:57:54,058 INFO o.a.j.t.JMeterThread: Thread finished: test_jobs 1-4
2020-12-27 21:57:54,115 INFO o.a.j.t.JMeterThread: Thread started: test_jobs 1-5
2020-12-27 21:57:54,153 INFO o.a.j.t.JMeterThread: Thread is done: test_jobs 1-5
2020-12-27 21:57:54,153 INFO o.a.j.t.JMeterThread: Thread finished: test_jobs 1-5
2020-12-27 21:57:54,213 INFO o.a.j.t.JMeterThread: Thread started: test_jobs 1-6
2020-12-27 21:57:54,252 INFO o.a.j.t.JMeterThread: Thread is done: test_jobs 1-6
2020-12-27 21:57:54,252 INFO o.a.j.t.JMeterThread: Thread finished: test_jobs 1-6
2020-12-27 21:57:54,312 INFO o.a.j.t.JMeterThread: Thread started: test_jobs 1-7
2020-12-27 21:57:54,356 INFO o.a.j.t.JMeterThread: Thread is done: test_jobs 1-7
2020-12-27 21:57:54,356 INFO o.a.j.t.JMeterThread: Thread finished: test_jobs 1-7
2020-12-27 21:57:54,412 INFO o.a.j.t.JMeterThread: Thread started: test_jobs 1-8
2020-12-27 21:57:54,444 INFO o.a.j.t.JMeterThread: Thread is done: test_jobs 1-8
2020-12-27 21:57:54,444 INFO o.a.j.t.JMeterThread: Thread finished: test_jobs 1-8
2020-12-27 21:57:54,511 INFO o.a.j.t.JMeterThread: Thread started: test_jobs 1-9
2020-12-27 21:57:54,542 INFO o.a.j.t.JMeterThread: Thread is done: test_jobs 1-9
2020-12-27 21:57:54,542 INFO o.a.j.t.JMeterThread: Thread finished: test_jobs 1-9
2020-12-27 21:57:54,611 INFO o.a.j.t.JMeterThread: Thread started: test_jobs 1-10
2020-12-27 21:57:54,644 INFO o.a.j.t.JMeterThread: Thread is done: test_jobs 1-10
2020-12-27 21:57:54,644 INFO o.a.j.t.JMeterThread: Thread finished: test_jobs 1-10
2020-12-27 21:57:54,710 INFO o.a.j.t.JMeterThread: Thread started: test_jobs 1-11
2020-12-27 21:57:54,741 INFO o.a.j.t.JMeterThread: Thread is done: test_jobs 1-11
2020-12-27 21:57:54,741 INFO o.a.j.t.JMeterThread: Thread finished: test_jobs 1-11
2020-12-27 21:57:54,809 INFO o.a.j.t.JMeterThread: Thread started: test_jobs 1-12
2020-12-27 21:57:54,840 INFO o.a.j.t.JMeterThread: Thread is done: test_jobs 1-12
2020-12-27 21:57:54,840 INFO o.a.j.t.JMeterThread: Thread finished: test_jobs 1-12
2020-12-27 21:57:54,908 INFO o.a.j.t.JMeterThread: Thread started: test_jobs 1-13
2020-12-27 21:57:54,943 INFO o.a.j.t.JMeterThread: Thread is done: test_jobs 1-13
2020-12-27 21:57:54,943 INFO o.a.j.t.JMeterThread: Thread finished: test_jobs 1-13
2020-12-27 21:57:55,008 INFO o.a.j.t.JMeterThread: Thread started: test_jobs 1-14
2020-12-27 21:57:55,040 INFO o.a.j.t.JMeterThread: Thread is done: test_jobs 1-14
2020-12-27 21:57:55,040 INFO o.a.j.t.JMeterThread: Thread finished: test_jobs 1-14
2020-12-27 21:57:55,100 INFO o.a.j.t.JMeterThread: Thread started: test_jobs 1-15
2020-12-27 21:57:55,143 INFO o.a.j.t.JMeterThread: Thread is done: test_jobs 1-15
2020-12-27 21:57:55,143 INFO o.a.j.t.JMeterThread: Thread finished: test_jobs 1-15
2020-12-27 21:57:55,200 INFO o.a.j.t.JMeterThread: Thread started: test_jobs 1-16
2020-12-27 21:57:55,237 INFO o.a.j.t.JMeterThread: Thread is done: test_jobs 1-16
2020-12-27 21:57:55,237 INFO o.a.j.t.JMeterThread: Thread finished: test_jobs 1-16
2020-12-27 21:57:55,300 INFO o.a.j.t.JMeterThread: Thread started: test_jobs 1-17
2020-12-27 21:57:55,333 INFO o.a.j.t.JMeterThread: Thread is done: test_jobs 1-17
2020-12-27 21:57:55,333 INFO o.a.j.t.JMeterThread: Thread finished: test_jobs 1-17
2020-12-27 21:57:55,399 INFO o.a.j.t.JMeterThread: Thread started: test_jobs 1-18
2020-12-27 21:57:55,430 INFO o.a.j.t.JMeterThread: Thread is done: test_jobs 1-18
2020-12-27 21:57:55,431 INFO o.a.j.t.JMeterThread: Thread finished: test_jobs 1-18
2020-12-27 21:57:55,499 INFO o.a.j.t.JMeterThread: Thread started: test_jobs 1-19
2020-12-27 21:57:55,532 INFO o.a.j.t.JMeterThread: Thread is done: test_jobs 1-19
2020-12-27 21:57:55,532 INFO o.a.j.t.JMeterThread: Thread finished: test_jobs 1-19
2020-12-27 21:57:55,598 INFO o.a.j.t.JMeterThread: Thread started: test_jobs 1-20
2020-12-27 21:57:55,639 INFO o.a.j.t.JMeterThread: Thread is done: test_jobs 1-20
2020-12-27 21:57:55,640 INFO o.a.j.t.JMeterThread: Thread finished: test_jobs 1-20
2020-12-27 21:57:55,698 INFO o.a.j.t.JMeterThread: Thread started: test_jobs 1-21
2020-12-27 21:57:55,731 INFO o.a.j.t.JMeterThread: Thread is done: test_jobs 1-21
2020-12-27 21:57:55,731 INFO o.a.j.t.JMeterThread: Thread finished: test_jobs 1-21
2020-12-27 21:57:55,799 INFO o.a.j.t.JMeterThread: Thread started: test_jobs 1-22
2020-12-27 21:57:55,834 INFO o.a.j.t.JMeterThread: Thread is done: test_jobs 1-22
2020-12-27 21:57:55,834 INFO o.a.j.t.JMeterThread: Thread finished: test_jobs 1-22
2020-12-27 21:57:55,899 INFO o.a.j.t.JMeterThread: Thread started: test_jobs 1-23
2020-12-27 21:57:55,931 INFO o.a.j.t.JMeterThread: Thread is done: test_jobs 1-23
2020-12-27 21:57:55,931 INFO o.a.j.t.JMeterThread: Thread finished: test_jobs 1-23
2020-12-27 21:57:55,999 INFO o.a.j.t.JMeterThread: Thread started: test_jobs 1-24
2020-12-27 21:57:56,032 INFO o.a.j.t.JMeterThread: Thread is done: test_jobs 1-24
2020-12-27 21:57:56,033 INFO o.a.j.t.JMeterThread: Thread finished: test_jobs 1-24
2020-12-27 21:57:56,098 INFO o.a.j.t.JMeterThread: Thread started: test_jobs 1-25
2020-12-27 21:57:56,135 INFO o.a.j.t.JMeterThread: Thread is done: test_jobs 1-25
2020-12-27 21:57:56,135 INFO o.a.j.t.JMeterThread: Thread finished: test_jobs 1-25
2020-12-27 21:57:56,198 INFO o.a.j.t.JMeterThread: Thread started: test_jobs 1-26
2020-12-27 21:57:56,231 INFO o.a.j.t.JMeterThread: Thread is done: test_jobs 1-26
2020-12-27 21:57:56,231 INFO o.a.j.t.JMeterThread: Thread finished: test_jobs 1-26
2020-12-27 21:57:56,297 INFO o.a.j.t.JMeterThread: Thread started: test_jobs 1-27
2020-12-27 21:57:56,326 INFO o.a.j.t.JMeterThread: Thread is done: test_jobs 1-27
2020-12-27 21:57:56,326 INFO o.a.j.t.JMeterThread: Thread finished: test_jobs 1-27
2020-12-27 21:57:56,397 INFO o.a.j.t.JMeterThread: Thread started: test_jobs 1-28
2020-12-27 21:57:56,430 INFO o.a.j.t.JMeterThread: Thread is done: test_jobs 1-28
2020-12-27 21:57:56,430 INFO o.a.j.t.JMeterThread: Thread finished: test_jobs 1-28
2020-12-27 21:57:56,497 INFO o.a.j.t.JMeterThread: Thread started: test_jobs 1-29
2020-12-27 21:57:56,535 INFO o.a.j.t.JMeterThread: Thread is done: test_jobs 1-29
2020-12-27 21:57:56,535 INFO o.a.j.t.JMeterThread: Thread finished: test_jobs 1-29
2020-12-27 21:57:56,596 INFO o.a.j.t.JMeterThread: Thread started: test_jobs 1-30
2020-12-27 21:57:56,628 INFO o.a.j.t.JMeterThread: Thread is done: test_jobs 1-30
2020-12-27 21:57:56,628 INFO o.a.j.t.JMeterThread: Thread finished: test_jobs 1-30
2020-12-27 21:57:56,696 INFO o.a.j.t.JMeterThread: Thread started: test_jobs 1-31
2020-12-27 21:57:56,731 INFO o.a.j.t.JMeterThread: Thread is done: test_jobs 1-31
2020-12-27 21:57:56,731 INFO o.a.j.t.JMeterThread: Thread finished: test_jobs 1-31
2020-12-27 21:57:56,795 INFO o.a.j.t.JMeterThread: Thread started: test_jobs 1-32
2020-12-27 21:57:56,833 INFO o.a.j.t.JMeterThread: Thread is done: test_jobs 1-32
2020-12-27 21:57:56,833 INFO o.a.j.t.JMeterThread: Thread finished: test_jobs 1-32
2020-12-27 21:57:56,894 INFO o.a.j.t.JMeterThread: Thread started: test_jobs 1-33
2020-12-27 21:57:56,934 INFO o.a.j.t.JMeterThread: Thread is done: test_jobs 1-33
2020-12-27 21:57:56,934 INFO o.a.j.t.JMeterThread: Thread finished: test_jobs 1-33
2020-12-27 21:57:56,994 INFO o.a.j.t.JMeterThread: Thread started: test_jobs 1-34
2020-12-27 21:57:57,028 INFO o.a.j.t.JMeterThread: Thread is done: test_jobs 1-34
2020-12-27 21:57:57,028 INFO o.a.j.t.JMeterThread: Thread finished: test_jobs 1-34
2020-12-27 21:57:57,093 INFO o.a.j.t.JMeterThread: Thread started: test_jobs 1-35
2020-12-27 21:57:57,128 INFO o.a.j.t.JMeterThread: Thread is done: test_jobs 1-35
2020-12-27 21:57:57,128 INFO o.a.j.t.JMeterThread: Thread finished: test_jobs 1-35
2020-12-27 21:57:57,192 INFO o.a.j.t.JMeterThread: Thread started: test_jobs 1-36
2020-12-27 21:57:57,225 INFO o.a.j.t.JMeterThread: Thread is done: test_jobs 1-36
2020-12-27 21:57:57,225 INFO o.a.j.t.JMeterThread: Thread finished: test_jobs 1-36
2020-12-27 21:57:57,301 INFO o.a.j.t.JMeterThread: Thread started: test_jobs 1-37
2020-12-27 21:57:57,339 INFO o.a.j.t.JMeterThread: Thread is done: test_jobs 1-37
2020-12-27 21:57:57,339 INFO o.a.j.t.JMeterThread: Thread finished: test_jobs 1-37
2020-12-27 21:57:57,393 INFO o.a.j.t.JMeterThread: Thread started: test_jobs 1-38
2020-12-27 21:57:57,428 INFO o.a.j.t.JMeterThread: Thread is done: test_jobs 1-38
2020-12-27 21:57:57,428 INFO o.a.j.t.JMeterThread: Thread finished: test_jobs 1-38
2020-12-27 21:57:57,492 INFO o.a.j.t.JMeterThread: Thread started: test_jobs 1-39
2020-12-27 21:57:57,529 INFO o.a.j.t.JMeterThread: Thread is done: test_jobs 1-39
2020-12-27 21:57:57,529 INFO o.a.j.t.JMeterThread: Thread finished: test_jobs 1-39
2020-12-27 21:57:57,591 INFO o.a.j.t.JMeterThread: Thread started: test_jobs 1-40
2020-12-27 21:57:57,627 INFO o.a.j.t.JMeterThread: Thread is done: test_jobs 1-40
2020-12-27 21:57:57,628 INFO o.a.j.t.JMeterThread: Thread finished: test_jobs 1-40
2020-12-27 21:57:57,691 INFO o.a.j.t.JMeterThread: Thread started: test_jobs 1-41
2020-12-27 21:57:57,724 INFO o.a.j.t.JMeterThread: Thread is done: test_jobs 1-41
2020-12-27 21:57:57,724 INFO o.a.j.t.JMeterThread: Thread finished: test_jobs 1-41
2020-12-27 21:57:57,791 INFO o.a.j.t.JMeterThread: Thread started: test_jobs 1-42
2020-12-27 21:57:57,821 INFO o.a.j.t.JMeterThread: Thread is done: test_jobs 1-42
2020-12-27 21:57:57,821 INFO o.a.j.t.JMeterThread: Thread finished: test_jobs 1-42
2020-12-27 21:57:57,886 INFO o.a.j.t.JMeterThread: Thread started: test_jobs 1-43
2020-12-27 21:57:57,924 INFO o.a.j.t.JMeterThread: Thread is done: test_jobs 1-43
2020-12-27 21:57:57,924 INFO o.a.j.t.JMeterThread: Thread finished: test_jobs 1-43
2020-12-27 21:57:57,984 INFO o.a.j.t.JMeterThread: Thread started: test_jobs 1-44
2020-12-27 21:57:58,014 INFO o.a.j.t.JMeterThread: Thread is done: test_jobs 1-44
2020-12-27 21:57:58,015 INFO o.a.j.t.JMeterThread: Thread finished: test_jobs 1-44
2020-12-27 21:57:58,082 INFO o.a.j.t.JMeterThread: Thread started: test_jobs 1-45
2020-12-27 21:57:58,121 INFO o.a.j.t.JMeterThread: Thread is done: test_jobs 1-45
2020-12-27 21:57:58,121 INFO o.a.j.t.JMeterThread: Thread finished: test_jobs 1-45
2020-12-27 21:57:58,183 INFO o.a.j.t.JMeterThread: Thread started: test_jobs 1-46
2020-12-27 21:57:58,215 INFO o.a.j.t.JMeterThread: Thread is done: test_jobs 1-46
2020-12-27 21:57:58,215 INFO o.a.j.t.JMeterThread: Thread finished: test_jobs 1-46
2020-12-27 21:57:58,281 INFO o.a.j.t.JMeterThread: Thread started: test_jobs 1-47
2020-12-27 21:57:58,316 INFO o.a.j.t.JMeterThread: Thread is done: test_jobs 1-47
2020-12-27 21:57:58,316 INFO o.a.j.t.JMeterThread: Thread finished: test_jobs 1-47
2020-12-27 21:57:58,380 INFO o.a.j.t.JMeterThread: Thread started: test_jobs 1-48
2020-12-27 21:57:58,411 INFO o.a.j.t.JMeterThread: Thread is done: test_jobs 1-48
2020-12-27 21:57:58,411 INFO o.a.j.t.JMeterThread: Thread finished: test_jobs 1-48
2020-12-27 21:57:58,481 INFO o.a.j.t.JMeterThread: Thread started: test_jobs 1-49
2020-12-27 21:57:58,515 INFO o.a.j.t.JMeterThread: Thread is done: test_jobs 1-49
2020-12-27 21:57:58,515 INFO o.a.j.t.JMeterThread: Thread finished: test_jobs 1-49
2020-12-27 21:57:58,580 INFO o.a.j.t.JMeterThread: Thread started: test_jobs 1-50
2020-12-27 21:57:58,612 INFO o.a.j.t.JMeterThread: Thread is done: test_jobs 1-50
2020-12-27 21:57:58,613 INFO o.a.j.t.JMeterThread: Thread finished: test_jobs 1-50
2020-12-27 21:57:58,678 INFO o.a.j.t.JMeterThread: Thread started: test_jobs 1-51
2020-12-27 21:57:58,712 INFO o.a.j.t.JMeterThread: Thread is done: test_jobs 1-51
2020-12-27 21:57:58,712 INFO o.a.j.t.JMeterThread: Thread finished: test_jobs 1-51
2020-12-27 21:57:58,778 INFO o.a.j.t.JMeterThread: Thread started: test_jobs 1-52
2020-12-27 21:57:58,808 INFO o.a.j.t.JMeterThread: Thread is done: test_jobs 1-52
2020-12-27 21:57:58,809 INFO o.a.j.t.JMeterThread: Thread finished: test_jobs 1-52
2020-12-27 21:57:58,878 INFO o.a.j.t.JMeterThread: Thread started: test_jobs 1-53
2020-12-27 21:57:58,912 INFO o.a.j.t.JMeterThread: Thread is done: test_jobs 1-53
2020-12-27 21:57:58,912 INFO o.a.j.t.JMeterThread: Thread finished: test_jobs 1-53
2020-12-27 21:57:58,978 INFO o.a.j.t.JMeterThread: Thread started: test_jobs 1-54
2020-12-27 21:57:59,013 INFO o.a.j.t.JMeterThread: Thread is done: test_jobs 1-54
2020-12-27 21:57:59,014 INFO o.a.j.t.JMeterThread: Thread finished: test_jobs 1-54
2020-12-27 21:57:59,076 INFO o.a.j.t.JMeterThread: Thread started: test_jobs 1-55
2020-12-27 21:57:59,105 INFO o.a.j.t.JMeterThread: Thread is done: test_jobs 1-55
2020-12-27 21:57:59,105 INFO o.a.j.t.JMeterThread: Thread finished: test_jobs 1-55
2020-12-27 21:57:59,177 INFO o.a.j.t.JMeterThread: Thread started: test_jobs 1-56
2020-12-27 21:57:59,213 INFO o.a.j.t.JMeterThread: Thread is done: test_jobs 1-56
2020-12-27 21:57:59,213 INFO o.a.j.t.JMeterThread: Thread finished: test_jobs 1-56
2020-12-27 21:57:59,276 INFO o.a.j.t.JMeterThread: Thread started: test_jobs 1-57
2020-12-27 21:57:59,309 INFO o.a.j.t.JMeterThread: Thread is done: test_jobs 1-57
2020-12-27 21:57:59,310 INFO o.a.j.t.JMeterThread: Thread finished: test_jobs 1-57
2020-12-27 21:57:59,375 INFO o.a.j.t.JMeterThread: Thread started: test_jobs 1-58
2020-12-27 21:57:59,410 INFO o.a.j.t.JMeterThread: Thread is done: test_jobs 1-58
2020-12-27 21:57:59,410 INFO o.a.j.t.JMeterThread: Thread finished: test_jobs 1-58
2020-12-27 21:57:59,475 INFO o.a.j.t.JMeterThread: Thread started: test_jobs 1-59
2020-12-27 21:57:59,517 INFO o.a.j.t.JMeterThread: Thread is done: test_jobs 1-59
2020-12-27 21:57:59,517 INFO o.a.j.t.JMeterThread: Thread finished: test_jobs 1-59
2020-12-27 21:57:59,574 INFO o.a.j.t.JMeterThread: Thread started: test_jobs 1-60
2020-12-27 21:57:59,610 INFO o.a.j.t.JMeterThread: Thread is done: test_jobs 1-60
2020-12-27 21:57:59,610 INFO o.a.j.t.JMeterThread: Thread finished: test_jobs 1-60
2020-12-27 21:57:59,674 INFO o.a.j.t.JMeterThread: Thread started: test_jobs 1-61
2020-12-27 21:57:59,704 INFO o.a.j.t.JMeterThread: Thread is done: test_jobs 1-61
2020-12-27 21:57:59,704 INFO o.a.j.t.JMeterThread: Thread finished: test_jobs 1-61
2020-12-27 21:57:59,773 INFO o.a.j.t.JMeterThread: Thread started: test_jobs 1-62
2020-12-27 21:57:59,804 INFO o.a.j.t.JMeterThread: Thread is done: test_jobs 1-62
2020-12-27 21:57:59,805 INFO o.a.j.t.JMeterThread: Thread finished: test_jobs 1-62
2020-12-27 21:57:59,872 INFO o.a.j.t.JMeterThread: Thread started: test_jobs 1-63
2020-12-27 21:57:59,904 INFO o.a.j.t.JMeterThread: Thread is done: test_jobs 1-63
2020-12-27 21:57:59,904 INFO o.a.j.t.JMeterThread: Thread finished: test_jobs 1-63
2020-12-27 21:57:59,972 INFO o.a.j.t.JMeterThread: Thread started: test_jobs 1-64
2020-12-27 21:58:00,013 INFO o.a.j.r.Summariser: summary +    511 in 00:00:06 =   79,9/s Avg:     4 Min:     2 Max:    57 Err:     0 (0,00%) Active: 1 Started: 64 Finished: 63
2020-12-27 21:58:00,027 INFO o.a.j.t.JMeterThread: Thread is done: test_jobs 1-64
2020-12-27 21:58:00,027 INFO o.a.j.t.JMeterThread: Thread finished: test_jobs 1-64
2020-12-27 21:58:00,071 INFO o.a.j.t.JMeterThread: Thread started: test_jobs 1-65
2020-12-27 21:58:00,113 INFO o.a.j.t.JMeterThread: Thread is done: test_jobs 1-65
2020-12-27 21:58:00,114 INFO o.a.j.t.JMeterThread: Thread finished: test_jobs 1-65
2020-12-27 21:58:00,172 INFO o.a.j.t.JMeterThread: Thread started: test_jobs 1-66
2020-12-27 21:58:00,199 INFO o.a.j.t.JMeterThread: Thread is done: test_jobs 1-66
2020-12-27 21:58:00,199 INFO o.a.j.t.JMeterThread: Thread finished: test_jobs 1-66
2020-12-27 21:58:00,270 INFO o.a.j.t.JMeterThread: Thread started: test_jobs 1-67
2020-12-27 21:58:00,300 INFO o.a.j.t.JMeterThread: Thread is done: test_jobs 1-67
2020-12-27 21:58:00,300 INFO o.a.j.t.JMeterThread: Thread finished: test_jobs 1-67
2020-12-27 21:58:00,370 INFO o.a.j.t.JMeterThread: Thread started: test_jobs 1-68
2020-12-27 21:58:00,401 INFO o.a.j.t.JMeterThread: Thread is done: test_jobs 1-68
2020-12-27 21:58:00,401 INFO o.a.j.t.JMeterThread: Thread finished: test_jobs 1-68
2020-12-27 21:58:00,470 INFO o.a.j.t.JMeterThread: Thread started: test_jobs 1-69
2020-12-27 21:58:00,503 INFO o.a.j.t.JMeterThread: Thread is done: test_jobs 1-69
2020-12-27 21:58:00,503 INFO o.a.j.t.JMeterThread: Thread finished: test_jobs 1-69
2020-12-27 21:58:00,568 INFO o.a.j.t.JMeterThread: Thread started: test_jobs 1-70
2020-12-27 21:58:00,608 INFO o.a.j.t.JMeterThread: Thread is done: test_jobs 1-70
2020-12-27 21:58:00,608 INFO o.a.j.t.JMeterThread: Thread finished: test_jobs 1-70
2020-12-27 21:58:00,668 INFO o.a.j.t.JMeterThread: Thread started: test_jobs 1-71
2020-12-27 21:58:00,701 INFO o.a.j.t.JMeterThread: Thread is done: test_jobs 1-71
2020-12-27 21:58:00,702 INFO o.a.j.t.JMeterThread: Thread finished: test_jobs 1-71
2020-12-27 21:58:00,769 INFO o.a.j.t.JMeterThread: Thread started: test_jobs 1-72
2020-12-27 21:58:00,800 INFO o.a.j.t.JMeterThread: Thread is done: test_jobs 1-72
2020-12-27 21:58:00,800 INFO o.a.j.t.JMeterThread: Thread finished: test_jobs 1-72
2020-12-27 21:58:00,867 INFO o.a.j.t.JMeterThread: Thread started: test_jobs 1-73
2020-12-27 21:58:00,898 INFO o.a.j.t.JMeterThread: Thread is done: test_jobs 1-73
2020-12-27 21:58:00,898 INFO o.a.j.t.JMeterThread: Thread finished: test_jobs 1-73
2020-12-27 21:58:00,967 INFO o.a.j.t.JMeterThread: Thread started: test_jobs 1-74
2020-12-27 21:58:00,997 INFO o.a.j.t.JMeterThread: Thread is done: test_jobs 1-74
2020-12-27 21:58:00,997 INFO o.a.j.t.JMeterThread: Thread finished: test_jobs 1-74
2020-12-27 21:58:01,067 INFO o.a.j.t.JMeterThread: Thread started: test_jobs 1-75
2020-12-27 21:58:01,099 INFO o.a.j.t.JMeterThread: Thread is done: test_jobs 1-75
2020-12-27 21:58:01,099 INFO o.a.j.t.JMeterThread: Thread finished: test_jobs 1-75
2020-12-27 21:58:01,166 INFO o.a.j.t.JMeterThread: Thread started: test_jobs 1-76
2020-12-27 21:58:01,199 INFO o.a.j.t.JMeterThread: Thread is done: test_jobs 1-76
2020-12-27 21:58:01,199 INFO o.a.j.t.JMeterThread: Thread finished: test_jobs 1-76
2020-12-27 21:58:01,265 INFO o.a.j.t.JMeterThread: Thread started: test_jobs 1-77
2020-12-27 21:58:01,295 INFO o.a.j.t.JMeterThread: Thread is done: test_jobs 1-77
2020-12-27 21:58:01,295 INFO o.a.j.t.JMeterThread: Thread finished: test_jobs 1-77
2020-12-27 21:58:01,364 INFO o.a.j.t.JMeterThread: Thread started: test_jobs 1-78
2020-12-27 21:58:01,401 INFO o.a.j.t.JMeterThread: Thread is done: test_jobs 1-78
2020-12-27 21:58:01,401 INFO o.a.j.t.JMeterThread: Thread finished: test_jobs 1-78
2020-12-27 21:58:01,465 INFO o.a.j.t.JMeterThread: Thread started: test_jobs 1-79
2020-12-27 21:58:01,494 INFO o.a.j.t.JMeterThread: Thread is done: test_jobs 1-79
2020-12-27 21:58:01,494 INFO o.a.j.t.JMeterThread: Thread finished: test_jobs 1-79
2020-12-27 21:58:01,563 INFO o.a.j.t.JMeterThread: Thread started: test_jobs 1-80
2020-12-27 21:58:01,597 INFO o.a.j.t.JMeterThread: Thread is done: test_jobs 1-80
2020-12-27 21:58:01,598 INFO o.a.j.t.JMeterThread: Thread finished: test_jobs 1-80
2020-12-27 21:58:01,663 INFO o.a.j.t.JMeterThread: Thread started: test_jobs 1-81
2020-12-27 21:58:01,705 INFO o.a.j.t.JMeterThread: Thread is done: test_jobs 1-81
2020-12-27 21:58:01,705 INFO o.a.j.t.JMeterThread: Thread finished: test_jobs 1-81
2020-12-27 21:58:01,763 INFO o.a.j.t.JMeterThread: Thread started: test_jobs 1-82
2020-12-27 21:58:01,804 INFO o.a.j.t.JMeterThread: Thread is done: test_jobs 1-82
2020-12-27 21:58:01,804 INFO o.a.j.t.JMeterThread: Thread finished: test_jobs 1-82
2020-12-27 21:58:01,862 INFO o.a.j.t.JMeterThread: Thread started: test_jobs 1-83
2020-12-27 21:58:01,894 INFO o.a.j.t.JMeterThread: Thread is done: test_jobs 1-83
2020-12-27 21:58:01,895 INFO o.a.j.t.JMeterThread: Thread finished: test_jobs 1-83
2020-12-27 21:58:01,962 INFO o.a.j.t.JMeterThread: Thread started: test_jobs 1-84
2020-12-27 21:58:01,992 INFO o.a.j.t.JMeterThread: Thread is done: test_jobs 1-84
2020-12-27 21:58:01,993 INFO o.a.j.t.JMeterThread: Thread finished: test_jobs 1-84
2020-12-27 21:58:02,062 INFO o.a.j.t.JMeterThread: Thread started: test_jobs 1-85
2020-12-27 21:58:02,094 INFO o.a.j.t.JMeterThread: Thread is done: test_jobs 1-85
2020-12-27 21:58:02,094 INFO o.a.j.t.JMeterThread: Thread finished: test_jobs 1-85
2020-12-27 21:58:02,161 INFO o.a.j.t.JMeterThread: Thread started: test_jobs 1-86
2020-12-27 21:58:02,198 INFO o.a.j.t.JMeterThread: Thread is done: test_jobs 1-86
2020-12-27 21:58:02,198 INFO o.a.j.t.JMeterThread: Thread finished: test_jobs 1-86
2020-12-27 21:58:02,261 INFO o.a.j.t.JMeterThread: Thread started: test_jobs 1-87
2020-12-27 21:58:02,298 INFO o.a.j.t.JMeterThread: Thread is done: test_jobs 1-87
2020-12-27 21:58:02,299 INFO o.a.j.t.JMeterThread: Thread finished: test_jobs 1-87
2020-12-27 21:58:02,360 INFO o.a.j.t.JMeterThread: Thread started: test_jobs 1-88
2020-12-27 21:58:02,390 INFO o.a.j.t.JMeterThread: Thread is done: test_jobs 1-88
2020-12-27 21:58:02,390 INFO o.a.j.t.JMeterThread: Thread finished: test_jobs 1-88
2020-12-27 21:58:02,458 INFO o.a.j.t.JMeterThread: Thread started: test_jobs 1-89
2020-12-27 21:58:02,490 INFO o.a.j.t.JMeterThread: Thread is done: test_jobs 1-89
2020-12-27 21:58:02,490 INFO o.a.j.t.JMeterThread: Thread finished: test_jobs 1-89
2020-12-27 21:58:02,557 INFO o.a.j.t.JMeterThread: Thread started: test_jobs 1-90
2020-12-27 21:58:02,588 INFO o.a.j.t.JMeterThread: Thread is done: test_jobs 1-90
2020-12-27 21:58:02,588 INFO o.a.j.t.JMeterThread: Thread finished: test_jobs 1-90
2020-12-27 21:58:02,656 INFO o.a.j.t.JMeterThread: Thread started: test_jobs 1-91
2020-12-27 21:58:02,696 INFO o.a.j.t.JMeterThread: Thread is done: test_jobs 1-91
2020-12-27 21:58:02,696 INFO o.a.j.t.JMeterThread: Thread finished: test_jobs 1-91
2020-12-27 21:58:02,756 INFO o.a.j.t.JMeterThread: Thread started: test_jobs 1-92
2020-12-27 21:58:02,787 INFO o.a.j.t.JMeterThread: Thread is done: test_jobs 1-92
2020-12-27 21:58:02,787 INFO o.a.j.t.JMeterThread: Thread finished: test_jobs 1-92
2020-12-27 21:58:02,856 INFO o.a.j.t.JMeterThread: Thread started: test_jobs 1-93
2020-12-27 21:58:02,891 INFO o.a.j.t.JMeterThread: Thread is done: test_jobs 1-93
2020-12-27 21:58:02,891 INFO o.a.j.t.JMeterThread: Thread finished: test_jobs 1-93
2020-12-27 21:58:02,955 INFO o.a.j.t.JMeterThread: Thread started: test_jobs 1-94
2020-12-27 21:58:02,990 INFO o.a.j.t.JMeterThread: Thread is done: test_jobs 1-94
2020-12-27 21:58:02,990 INFO o.a.j.t.JMeterThread: Thread finished: test_jobs 1-94
2020-12-27 21:58:03,070 INFO o.a.j.t.JMeterThread: Thread started: test_jobs 1-95
2020-12-27 21:58:03,108 INFO o.a.j.t.JMeterThread: Thread is done: test_jobs 1-95
2020-12-27 21:58:03,108 INFO o.a.j.t.JMeterThread: Thread finished: test_jobs 1-95
2020-12-27 21:58:03,168 INFO o.a.j.t.JMeterThread: Thread started: test_jobs 1-96
2020-12-27 21:58:03,198 INFO o.a.j.t.JMeterThread: Thread is done: test_jobs 1-96
2020-12-27 21:58:03,198 INFO o.a.j.t.JMeterThread: Thread finished: test_jobs 1-96
2020-12-27 21:58:03,269 INFO o.a.j.t.JMeterThread: Thread started: test_jobs 1-97
2020-12-27 21:58:03,301 INFO o.a.j.t.JMeterThread: Thread is done: test_jobs 1-97
2020-12-27 21:58:03,301 INFO o.a.j.t.JMeterThread: Thread finished: test_jobs 1-97
2020-12-27 21:58:03,372 INFO o.a.j.t.JMeterThread: Thread started: test_jobs 1-98
2020-12-27 21:58:03,405 INFO o.a.j.t.JMeterThread: Thread is done: test_jobs 1-98
2020-12-27 21:58:03,405 INFO o.a.j.t.JMeterThread: Thread finished: test_jobs 1-98
2020-12-27 21:58:03,471 INFO o.a.j.t.JMeterThread: Thread started: test_jobs 1-99
2020-12-27 21:58:03,504 INFO o.a.j.t.JMeterThread: Thread is done: test_jobs 1-99
2020-12-27 21:58:03,504 INFO o.a.j.t.JMeterThread: Thread finished: test_jobs 1-99
2020-12-27 21:58:03,571 INFO o.a.j.t.JMeterThread: Thread started: test_jobs 1-100
2020-12-27 21:58:03,600 INFO o.a.j.t.JMeterThread: Thread is done: test_jobs 1-100
2020-12-27 21:58:03,600 INFO o.a.j.t.JMeterThread: Thread finished: test_jobs 1-100
2020-12-27 21:58:03,601 INFO o.a.j.e.StandardJMeterEngine: Notifying test listeners of end of test
2020-12-27 21:58:03,602 INFO o.a.j.r.Summariser: summary +    289 in 00:00:04 =   80,5/s Avg:     3 Min:     2 Max:    10 Err:     0 (0,00%) Active: 0 Started: 100 Finished: 100
2020-12-27 21:58:03,602 INFO o.a.j.r.Summariser: summary =    800 in 00:00:10 =   80,1/s Avg:     4 Min:     2 Max:    57 Err:     0 (0,00%)
2020-12-27 21:58:03,603 INFO o.a.j.JMeter: Generating Dashboard
2020-12-27 21:58:03,603 INFO o.a.j.r.d.ReportGenerator: Flushing result collector before report Generation
2020-12-27 21:58:03,627 INFO o.a.j.r.p.NormalizerSampleConsumer: Using format, 'ms', to parse timeStamp field
2020-12-27 21:58:04,781 INFO o.a.j.r.p.AbstractSampleConsumer: class org.apache.jmeter.report.processor.AggregateConsumer#stopProducing(): beginDate produced 0 samples
2020-12-27 21:58:04,781 INFO o.a.j.r.p.AbstractSampleConsumer: class org.apache.jmeter.report.processor.AggregateConsumer#stopProducing(): endDate produced 0 samples
2020-12-27 21:58:04,784 INFO o.a.j.r.p.AbstractSampleConsumer: class org.apache.jmeter.report.processor.ApdexSummaryConsumer#stopProducing(): apdexSummary produced 0 samples
2020-12-27 21:58:04,784 INFO o.a.j.r.p.AbstractSampleConsumer: class org.apache.jmeter.report.processor.RequestsSummaryConsumer#stopProducing(): requestsSummary produced 0 samples
2020-12-27 21:58:04,792 INFO o.a.j.r.p.AbstractSampleConsumer: class org.apache.jmeter.report.processor.StatisticsSummaryConsumer#stopProducing(): statisticsSummary produced 0 samples
2020-12-27 21:58:04,794 INFO o.a.j.r.p.AbstractSampleConsumer: class org.apache.jmeter.report.processor.Top5ErrorsBySamplerConsumer#stopProducing(): top5ErrorsBySampler produced 0 samples
2020-12-27 21:58:04,794 INFO o.a.j.r.p.AbstractSampleConsumer: class org.apache.jmeter.report.processor.ErrorsSummaryConsumer#stopProducing(): errorsSummary produced 0 samples
2020-12-27 21:58:04,794 INFO o.a.j.r.p.AbstractSampleConsumer: class org.apache.jmeter.report.processor.graph.impl.HitsPerSecondGraphConsumer#stopProducing(): hitsPerSecond produced 0 samples
2020-12-27 21:58:04,866 INFO o.a.j.r.p.AbstractSampleConsumer: class org.apache.jmeter.report.processor.graph.impl.LatencyVSRequestGraphConsumer#stopProducing(): latencyVsRequest produced 0 samples
2020-12-27 21:58:04,867 INFO o.a.j.r.p.AbstractSampleConsumer: class org.apache.jmeter.report.processor.graph.impl.SyntheticResponseTimeDistributionGraphConsumer#stopProducing(): syntheticResponseTimeDistribution produced 0 samples
2020-12-27 21:58:04,867 INFO o.a.j.r.p.AbstractSampleConsumer: class org.apache.jmeter.report.processor.graph.impl.BytesThroughputGraphConsumer#stopProducing(): bytesThroughputOverTime produced 0 samples
2020-12-27 21:58:04,867 INFO o.a.j.r.p.AbstractSampleConsumer: class org.apache.jmeter.report.processor.graph.impl.CodesPerSecondGraphConsumer#stopProducing(): codesPerSecond produced 0 samples
2020-12-27 21:58:04,896 INFO o.a.j.r.p.AbstractSampleConsumer: class org.apache.jmeter.report.processor.graph.impl.ResponseTimeVSRequestGraphConsumer#stopProducing(): responseTimeVsRequest produced 0 samples
2020-12-27 21:58:04,897 INFO o.a.j.r.p.AbstractSampleConsumer: class org.apache.jmeter.report.processor.FilterConsumer#stopProducing(): startIntervalControlerFilter produced 5600 samples
2020-12-27 21:58:04,897 INFO o.a.j.r.p.AbstractSampleConsumer: class org.apache.jmeter.report.processor.graph.impl.TotalTPSGraphConsumer#stopProducing(): totalTPS produced 0 samples
2020-12-27 21:58:04,898 INFO o.a.j.r.p.AbstractSampleConsumer: class org.apache.jmeter.report.processor.graph.impl.ActiveThreadsGraphConsumer#stopProducing(): activeThreadsOverTime produced 0 samples
2020-12-27 21:58:04,898 INFO o.a.j.r.p.AbstractSampleConsumer: class org.apache.jmeter.report.processor.graph.impl.TimeVSThreadGraphConsumer#stopProducing(): timeVsThreads produced 0 samples
2020-12-27 21:58:04,898 INFO o.a.j.r.p.AbstractSampleConsumer: class org.apache.jmeter.report.processor.graph.impl.ResponseTimeDistributionGraphConsumer#stopProducing(): responseTimeDistribution produced 0 samples
2020-12-27 21:58:04,898 INFO o.a.j.r.p.AbstractSampleConsumer: class org.apache.jmeter.report.processor.graph.impl.TransactionsPerSecondGraphConsumer#stopProducing(): transactionsPerSecond produced 0 samples
2020-12-27 21:58:04,899 INFO o.a.j.r.p.AbstractSampleConsumer: class org.apache.jmeter.report.processor.graph.impl.ResponseTimePercentilesGraphConsumer#stopProducing(): responseTimePercentiles produced 0 samples
2020-12-27 21:58:04,903 INFO o.a.j.r.p.AbstractSampleConsumer: class org.apache.jmeter.report.processor.graph.impl.ResponseTimePercentilesOverTimeGraphConsumer#stopProducing(): responseTimePercentilesOverTime produced 0 samples
2020-12-27 21:58:04,905 INFO o.a.j.r.p.AbstractSampleConsumer: class org.apache.jmeter.report.processor.graph.impl.ResponseTimeOverTimeGraphConsumer#stopProducing(): responseTimesOverTime produced 0 samples
2020-12-27 21:58:04,905 INFO o.a.j.r.p.AbstractSampleConsumer: class org.apache.jmeter.report.processor.graph.impl.ConnectTimeOverTimeGraphConsumer#stopProducing(): connectTimeOverTime produced 0 samples
2020-12-27 21:58:04,905 INFO o.a.j.r.p.AbstractSampleConsumer: class org.apache.jmeter.report.processor.graph.impl.LatencyOverTimeGraphConsumer#stopProducing(): latenciesOverTime produced 0 samples
2020-12-27 21:58:04,905 INFO o.a.j.r.p.AbstractSampleConsumer: class org.apache.jmeter.report.processor.FilterConsumer#stopProducing(): nameFilter produced 12000 samples
2020-12-27 21:58:04,905 INFO o.a.j.r.p.AbstractSampleConsumer: class org.apache.jmeter.report.processor.FilterConsumer#stopProducing(): dateRangeFilter produced 2400 samples
2020-12-27 21:58:04,905 INFO o.a.j.r.p.AbstractSampleConsumer: class org.apache.jmeter.report.processor.NormalizerSampleConsumer#stopProducing(): normalizer produced 800 samples
2020-12-27 21:58:04,906 INFO o.a.j.r.p.CsvFileSampleSource: produce(): 800 samples produced in 1s 242 ms on channel 0
2020-12-27 21:58:04,906 INFO o.a.j.r.d.ReportGenerator: Exporting data using exporter:'json' of className:'org.apache.jmeter.report.dashboard.JsonExporter'
2020-12-27 21:58:05,059 INFO o.a.j.r.d.JsonExporter: Found data for consumer statisticsSummary in context
2020-12-27 21:58:05,060 INFO o.a.j.r.d.JsonExporter: Creating statistics for overall
2020-12-27 21:58:05,060 INFO o.a.j.r.d.JsonExporter: Creating statistics for other transactions
2020-12-27 21:58:05,061 INFO o.a.j.r.d.JsonExporter: Checking output folder
2020-12-27 21:58:05,062 INFO o.a.j.r.d.JsonExporter: Writing statistics JSON to D:\Projets\Pro\iga.fr\Formation_mise_a_niveau\Support\jmeter\resultats\statistics.json
2020-12-27 21:58:05,126 INFO o.a.j.r.d.ReportGenerator: Exporting data using exporter:'html' of className:'org.apache.jmeter.report.dashboard.HtmlTemplateExporter'
2020-12-27 21:58:05,130 INFO o.a.j.r.d.HtmlTemplateExporter: Will generate dashboard in folder: D:\Projets\Pro\iga.fr\Formation_mise_a_niveau\Support\jmeter\resultats
2020-12-27 21:58:05,293 INFO o.a.j.r.d.HtmlTemplateExporter: Report will be generated in: D:\Projets\Pro\iga.fr\Formation_mise_a_niveau\Support\jmeter\resultats, creating folder structure
2020-12-27 21:58:05,299 INFO o.a.j.r.d.TemplateVisitor: Copying folder from 'C:\apache-jmeter-5.4\bin\report-template' to 'D:\Projets\Pro\iga.fr\Formation_mise_a_niveau\Support\jmeter\resultats', got message: D:\Projets\Pro\iga.fr\Formation_mise_a_niveau\Support\jmeter\resultats, found non empty folder with following content [D:\Projets\Pro\iga.fr\Formation_mise_a_niveau\Support\jmeter\resultats\statistics.json], will be ignored
2020-12-27 21:58:07,125 INFO o.a.j.JMeter: Dashboard generated
